<?xml version="1.0" encoding="UTF-8"?>
<!-- Generated by org.testng.reporters.JUnitReportReporter -->
<testsuite hostname="JOAMMLP00007" failures="0" tests="1" name="com.example.tests.GoogleSearchTest" time="6.717" errors="0" timestamp="2023-11-15T11:14:00 EET" skipped="0">
  <testcase classname="com.example.tests.GoogleSearchTest" name="testGoogleSearch" time="6.717"/>
  <system-out/>
</testsuite> <!-- com.example.tests.GoogleSearchTest -->
